invalid literal for int() with base 10: 'u'
invalid literal for int() with base 10: 'ghjk'
invalid literal for int() with base 10: 's'1539931121.5
invalid literal for int() with base 10: 't'<type 'datetime.datetime'>
invalid literal for int() with base 10: 'p'<type 'datetime.datetime'>
invalid literal for int() with base 10: 'sda'<type 'datetime.datetime'>
invalid literal for int() with base 10: 'p'1539931336.55
invalid literal for int() with base 10: 't'1539931533.15
invalid literal for int() with base 10: 't'
invalid literal for int() with base 10: '\xc5\x9f'1539931743.28
invalid literal for int() with base 10: '\xc5\x9f'
invalid literal for int() with base 10: 'p'1539931794.05
invalid literal for int() with base 10: 'p'
invalid literal for int() with base 10: 'f'1539932021.85
invalid literal for int() with base 10: 'f'
invalid literal for int() with base 10: 'd'1539932032.78
invalid literal for int() with base 10: 'd'
invalid literal for int() with base 10: 'h'1539932119.63
invalid literal for int() with base 10: 'h'
invalid literal for int() with base 10: 'a'1539932232.31
invalid literal for int() with base 10: 'a'
invalid literal for int() with base 10: 'g'1539932298.3
2018/10/19 09:58:18invalid literal for int() with base 10: 'g'
invalid literal for int() with base 10: '5s'1539932338.05
2018/10/19 09:58:58 invalid literal for int() with base 10: '5s'
invalid literal for int() with base 10: 'sa'1539932363.53
2018/10/19 09:59:23 || invalid literal for int() with base 10: 'sa'
invalid literal for int() with base 10: 'u'1539935285.95
2018/10/19 10:48:05 || invalid literal for int() with base 10: 'u'
